Se inicia la aplicación.
Creación de la ventana de login
Se registran los listeners.
Se inicia la carga de parametros para conectar con la BD.
Recuperación de los datos para la conexión con la BD
Se intenta leer el archivo de propiedades cfg/conexionBD.properties
se cargó exitosamente
Parámetros de conexión: jdbc:mysql://localhost:3306/vuelos?useSSL=false&allowPublicKeyRetrieval=true&serverTimezone=America/Argentina/Buenos_Aires
Se inicializa la ventana de login.
se registra el controlador.
se muestra la ventana.
Se inicia la aplicación.
Creación de la ventana de login
Se registran los listeners.
Se inicia la carga de parametros para conectar con la BD.
Recuperación de los datos para la conexión con la BD
Se intenta leer el archivo de propiedades cfg/conexionBD.properties
se cargó exitosamente
Parámetros de conexión: jdbc:mysql://localhost:3306/vuelos?useSSL=false&allowPublicKeyRetrieval=true&serverTimezone=America/Argentina/Buenos_Aires
Se inicializa la ventana de login.
se registra el controlador.
se muestra la ventana.
Se inicia la aplicación.
Creación de la ventana de login
Se registran los listeners.
Se inicia la carga de parametros para conectar con la BD.
Recuperación de los datos para la conexión con la BD
Se intenta leer el archivo de propiedades cfg/conexionBD.properties
se cargó exitosamente
Parámetros de conexión: jdbc:mysql://localhost:3306/vuelos?useSSL=false&allowPublicKeyRetrieval=true&serverTimezone=America/Argentina/Buenos_Aires
Se inicializa la ventana de login.
se registra el controlador.
se muestra la ventana.
Se inicia la aplicación.
Creación de la ventana de login
Se registran los listeners.
Se inicia la carga de parametros para conectar con la BD.
Recuperación de los datos para la conexión con la BD
Se intenta leer el archivo de propiedades cfg/conexionBD.properties
se cargó exitosamente
Parámetros de conexión: jdbc:mysql://localhost:3306/vuelos?useSSL=false&allowPublicKeyRetrieval=true&serverTimezone=America/Argentina/Buenos_Aires
Se inicializa la ventana de login.
se registra el controlador.
se muestra la ventana.
Intenta ingresar como Empleado con legajo , password 
Recupera el usuario de BD para Empleado para poder conectarse con los permisos de dicho usuario.
Ingresa a recuperar el usuarioBD y passwordBD para acceder a la BD del usuario Empleado
usuario empleado, password empleado
Se crea el modelo Empleado.
Se establece la conexión a la BD.
Se intenta autenticar el legajo  con password 
Empleado  autenticado
Inicializacion de la ventana del Empleado
Se registran los listeners.
Se crea el controlador del Empleado.
Transfiere el control al nuevo controlador
Solicita al DAO un empleado con legajo 1
recupera el empleado que corresponde al legajo 1.
Se registra al empleado ApEmp9, NomEmp9 con legajo 9
muestra la ventana
Recuperar del modelo los destinos posibles
recupera las ciudades que tienen aeropuertos.
informar a la ventana los destinos posibles
Carga los combos de ciudades con las 4 ubicaciones recuperados
Muestra el panel de consulta/reserva de vuelos.
Informa a la vista que puede eliminar la ventana de login.
Eliminación de la ventana de login.
Se inicia la aplicación.
Creación de la ventana de login
Se registran los listeners.
Se inicia la carga de parametros para conectar con la BD.
Recuperación de los datos para la conexión con la BD
Se intenta leer el archivo de propiedades cfg/conexionBD.properties
se cargó exitosamente
Parámetros de conexión: jdbc:mysql://localhost:3306/vuelos?useSSL=false&allowPublicKeyRetrieval=true&serverTimezone=America/Argentina/Buenos_Aires
Se inicializa la ventana de login.
se registra el controlador.
se muestra la ventana.
Intenta ingresar como Empleado con legajo , password 
Recupera el usuario de BD para Empleado para poder conectarse con los permisos de dicho usuario.
Ingresa a recuperar el usuarioBD y passwordBD para acceder a la BD del usuario Empleado
usuario empleado, password empleado
Se crea el modelo Empleado.
Se establece la conexión a la BD.
Parametros de conexion: url= jdbc:mysql://localhost:3306/vuelos?useSSL=false&allowPublicKeyRetrieval=true&serverTimezone=America/Argentina/Buenos_Aires, user=empleado, pass=empleado
Se establece la conexión con la BD
Se intenta autenticar el legajo  con password 
Empleado  autenticado
Inicializacion de la ventana del Empleado
Se registran los listeners.
Se crea el controlador del Empleado.
Transfiere el control al nuevo controlador
Solicita al DAO un empleado con legajo 1
recupera el empleado que corresponde al legajo 1.
Se registra al empleado ApEmp9, NomEmp9 con legajo 9
muestra la ventana
Recuperar del modelo los destinos posibles
recupera las ciudades que tienen aeropuertos.
informar a la ventana los destinos posibles
Carga los combos de ciudades con las 4 ubicaciones recuperados
Muestra el panel de consulta/reserva de vuelos.
Informa a la vista que puede eliminar la ventana de login.
Eliminación de la ventana de login.
Saliendo de la aplicación.
Se cierra la conexión a la BD.
Se intenta cerrar la conexión activa
Eliminación de la ventana.
Saliendo de la aplicación.
Se cierra la conexión a la BD.
Se intenta cerrar la conexión activa
Eliminación de la ventana.
